<?xml version="1.0" encoding="UTF-8"?>
<!-- Generated by org.testng.reporters.JUnitReportReporter -->
<testsuite hostname="SIDDHIVINAYAK" failures="0" tests="1" name="gettingStarted.LoginLogoutTestNG" time="3.517" errors="1" timestamp="2026-02-08T20:55:29 IST" skipped="0">
  <testcase classname="gettingStarted.LoginLogoutTestNG" name="LoginTest" time="3.517">
    <error message="Error {
  message=&#039;net::ERR_INTERNET_DISCONNECTED at https://freelance-learn-automation.vercel.app/login
  name=&#039;Error
  stack=&#039;Error: net::ERR_INTERNET_DISCONNECTED at https://freelance-learn-automation.vercel.app/login
    at FrameSession._navigate (C:\Users\premh\AppData\Local\Temp\playwright-java-2936751407051380172\package\lib\server\chromium\crPage.js:487:13)
    at async Frame.gotoImpl (C:\Users\premh\AppData\Local\Temp\playwright-java-2936751407051380172\package\lib\server\frames.js:522:28)
}
Call log:
-   - navigating to &quot;https://freelance-learn-automation.vercel.app/login&quot;, waiting until &quot;load&quot;
" type="com.microsoft.playwright.PlaywrightException">
      <![CDATA[com.microsoft.playwright.PlaywrightException: Error {
  message='net::ERR_INTERNET_DISCONNECTED at https://freelance-learn-automation.vercel.app/login
  name='Error
  stack='Error: net::ERR_INTERNET_DISCONNECTED at https://freelance-learn-automation.vercel.app/login
    at FrameSession._navigate (C:\Users\premh\AppData\Local\Temp\playwright-java-2936751407051380172\package\lib\server\chromium\crPage.js:487:13)
    at async Frame.gotoImpl (C:\Users\premh\AppData\Local\Temp\playwright-java-2936751407051380172\package\lib\server\frames.js:522:28)
}
Call log:
-   - navigating to "https://freelance-learn-automation.vercel.app/login", waiting until "load"

at com.microsoft.playwright.impl.WaitableResult.get(WaitableResult.java:56)
at com.microsoft.playwright.impl.ChannelOwner.runUntil(ChannelOwner.java:138)
at com.microsoft.playwright.impl.Connection.sendMessage(Connection.java:131)
at com.microsoft.playwright.impl.ChannelOwner.sendMessage(ChannelOwner.java:124)
at com.microsoft.playwright.impl.FrameImpl.navigateImpl(FrameImpl.java:429)
at com.microsoft.playwright.impl.PageImpl.navigate(PageImpl.java:929)
at com.microsoft.playwright.impl.PageImpl.navigate(PageImpl.java:43)
at com.microsoft.playwright.Page.navigate(Page.java:5504)
at gettingStarted.LoginLogoutTestNG.LoginTest(LoginLogoutTestNG.java:23)
at java.base/jdk.internal.reflect.DirectMethodHandleAccessor.invoke(DirectMethodHandleAccessor.java:103)
at java.base/java.lang.reflect.Method.invoke(Method.java:580)
at org.testng.internal.invokers.MethodInvocationHelper.invokeMethod(MethodInvocationHelper.java:141)
at org.testng.internal.invokers.TestInvoker.invokeMethod(TestInvoker.java:687)
at org.testng.internal.invokers.TestInvoker.invokeTestMethod(TestInvoker.java:230)
at org.testng.internal.invokers.MethodRunner.runInSequence(MethodRunner.java:63)
at org.testng.internal.invokers.TestInvoker$MethodInvocationAgent.invoke(TestInvoker.java:995)
at org.testng.internal.invokers.TestInvoker.invokeTestMethods(TestInvoker.java:203)
at org.testng.internal.invokers.TestMethodWorker.invokeTestMethods(TestMethodWorker.java:154)
at org.testng.internal.invokers.TestMethodWorker.run(TestMethodWorker.java:134)
at java.base/java.util.ArrayList.forEach(ArrayList.java:1597)
at org.testng.TestRunner.privateRun(TestRunner.java:741)
at org.testng.TestRunner.run(TestRunner.java:616)
at org.testng.SuiteRunner.runTest(SuiteRunner.java:421)
at org.testng.SuiteRunner.runSequentially(SuiteRunner.java:413)
at org.testng.SuiteRunner.privateRun(SuiteRunner.java:373)
at org.testng.SuiteRunner.run(SuiteRunner.java:312)
at org.testng.SuiteRunnerWorker.runSuite(SuiteRunnerWorker.java:52)
at org.testng.SuiteRunnerWorker.run(SuiteRunnerWorker.java:95)
at org.testng.TestNG.runSuitesSequentially(TestNG.java:1274)
at org.testng.TestNG.runSuitesLocally(TestNG.java:1208)
at org.testng.TestNG.runSuites(TestNG.java:1112)
at org.testng.TestNG.run(TestNG.java:1079)
at org.testng.remote.AbstractRemoteTestNG.run(AbstractRemoteTestNG.java:115)
at org.testng.remote.RemoteTestNG.initAndRun(RemoteTestNG.java:293)
at org.testng.remote.RemoteTestNG.main(RemoteTestNG.java:91)
Caused by: com.microsoft.playwright.impl.DriverException: Error {
  message='net::ERR_INTERNET_DISCONNECTED at https://freelance-learn-automation.vercel.app/login
  name='Error
  stack='Error: net::ERR_INTERNET_DISCONNECTED at https://freelance-learn-automation.vercel.app/login
    at FrameSession._navigate (C:\Users\premh\AppData\Local\Temp\playwright-java-2936751407051380172\package\lib\server\chromium\crPage.js:487:13)
    at async Frame.gotoImpl (C:\Users\premh\AppData\Local\Temp\playwright-java-2936751407051380172\package\lib\server\frames.js:522:28)
}
Call log:
-   - navigating to "https://freelance-learn-automation.vercel.app/login", waiting until "load"

at com.microsoft.playwright.impl.Connection.dispatch(Connection.java:262)
at com.microsoft.playwright.impl.Connection.processOneMessage(Connection.java:214)
at com.microsoft.playwright.impl.ChannelOwner.runUntil(ChannelOwner.java:136)
... 33 more
]]>
    </error>
  </testcase> <!-- LoginTest -->
</testsuite> <!-- gettingStarted.LoginLogoutTestNG -->
